[0.009s] Invoking command in '/home/dheeraj/Documents/lookuptransform/lidar_camera_transform/build/lidar_camera_transform': CMAKE_PREFIX_PATH=/opt/ros/humble /usr/bin/cmake --build /home/dheeraj/Documents/lookuptransform/lidar_camera_transform/build/lidar_camera_transform -- -j12 -l12
[0.046s] [35m[1mConsolidate compiler generated dependencies of target transform_node[0m
[0.064s] [ 50%] [32mBuilding CXX object CMakeFiles/transform_node.dir/src/transform_node.cpp.o[0m
[3.125s] [100%] [32m[1mLinking CXX executable transform_node[0m
[3.248s] [100%] Built target transform_node
[3.257s] Invoked command in '/home/dheeraj/Documents/lookuptransform/lidar_camera_transform/build/lidar_camera_transform' returned '0': CMAKE_PREFIX_PATH=/opt/ros/humble /usr/bin/cmake --build /home/dheeraj/Documents/lookuptransform/lidar_camera_transform/build/lidar_camera_transform -- -j12 -l12
[3.288s] Invoking command in '/home/dheeraj/Documents/lookuptransform/lidar_camera_transform/build/lidar_camera_transform': CMAKE_PREFIX_PATH=/opt/ros/humble /usr/bin/cmake --install /home/dheeraj/Documents/lookuptransform/lidar_camera_transform/build/lidar_camera_transform
[3.294s] -- Install configuration: ""
[3.295s] -- Installing: /home/dheeraj/Documents/lookuptransform/lidar_camera_transform/install/lidar_camera_transform/lib/lidar_camera_transform/transform_node
[3.296s] -- Set runtime path of "/home/dheeraj/Documents/lookuptransform/lidar_camera_transform/install/lidar_camera_transform/lib/lidar_camera_transform/transform_node" to ""
[3.296s] -- Up-to-date: /home/dheeraj/Documents/lookuptransform/lidar_camera_transform/install/lidar_camera_transform/share/ament_index/resource_index/package_run_dependencies/lidar_camera_transform
[3.296s] -- Up-to-date: /home/dheeraj/Documents/lookuptransform/lidar_camera_transform/install/lidar_camera_transform/share/ament_index/resource_index/parent_prefix_path/lidar_camera_transform
[3.296s] -- Up-to-date: /home/dheeraj/Documents/lookuptransform/lidar_camera_transform/install/lidar_camera_transform/share/lidar_camera_transform/environment/ament_prefix_path.sh
[3.296s] -- Up-to-date: /home/dheeraj/Documents/lookuptransform/lidar_camera_transform/install/lidar_camera_transform/share/lidar_camera_transform/environment/ament_prefix_path.dsv
[3.296s] -- Up-to-date: /home/dheeraj/Documents/lookuptransform/lidar_camera_transform/install/lidar_camera_transform/share/lidar_camera_transform/environment/path.sh
[3.296s] -- Up-to-date: /home/dheeraj/Documents/lookuptransform/lidar_camera_transform/install/lidar_camera_transform/share/lidar_camera_transform/environment/path.dsv
[3.296s] -- Up-to-date: /home/dheeraj/Documents/lookuptransform/lidar_camera_transform/install/lidar_camera_transform/share/lidar_camera_transform/local_setup.bash
[3.296s] -- Up-to-date: /home/dheeraj/Documents/lookuptransform/lidar_camera_transform/install/lidar_camera_transform/share/lidar_camera_transform/local_setup.sh
[3.296s] -- Up-to-date: /home/dheeraj/Documents/lookuptransform/lidar_camera_transform/install/lidar_camera_transform/share/lidar_camera_transform/local_setup.zsh
[3.296s] -- Up-to-date: /home/dheeraj/Documents/lookuptransform/lidar_camera_transform/install/lidar_camera_transform/share/lidar_camera_transform/local_setup.dsv
[3.296s] -- Installing: /home/dheeraj/Documents/lookuptransform/lidar_camera_transform/install/lidar_camera_transform/share/lidar_camera_transform/package.dsv
[3.296s] -- Up-to-date: /home/dheeraj/Documents/lookuptransform/lidar_camera_transform/install/lidar_camera_transform/share/ament_index/resource_index/packages/lidar_camera_transform
[3.296s] -- Up-to-date: /home/dheeraj/Documents/lookuptransform/lidar_camera_transform/install/lidar_camera_transform/share/lidar_camera_transform/cmake/lidar_camera_transformConfig.cmake
[3.296s] -- Up-to-date: /home/dheeraj/Documents/lookuptransform/lidar_camera_transform/install/lidar_camera_transform/share/lidar_camera_transform/cmake/lidar_camera_transformConfig-version.cmake
[3.296s] -- Up-to-date: /home/dheeraj/Documents/lookuptransform/lidar_camera_transform/install/lidar_camera_transform/share/lidar_camera_transform/package.xml
[3.298s] Invoked command in '/home/dheeraj/Documents/lookuptransform/lidar_camera_transform/build/lidar_camera_transform' returned '0': CMAKE_PREFIX_PATH=/opt/ros/humble /usr/bin/cmake --install /home/dheeraj/Documents/lookuptransform/lidar_camera_transform/build/lidar_camera_transform
